#
# Copyright 2016-2017 The Reaktivity Project
#
# The Reaktivity Project licenses this file to you under the Apache License,
# version 2.0 (the "License"); you may not use this file except in compliance
# with the License. You may obtain a copy of the License at:
#
#   http://www.apache.org/licenses/LICENSE-2.0
#
# Unless required by applicable law or agreed to in writing, software
# distributed under the License is distributed on an "AS IS" BASIS, WITHOUT
# WARRANTIES OR CONDITIONS OF ANY KIND, either express or implied. See the
# License for the specific language governing permissions and limitations
# under the License.
#

property newClientAcceptRef ${nuklei:newReferenceId()} 
property newServerConnectRef ${newClientAcceptRef} # external scope

property serverTransport "nukleus://target/streams/http2#source"

accept ${serverTransport}
        option nukleus:route ${newServerConnectRef}
        option nukleus:window 8192
        option nukleus:transmission "duplex"
accepted

read nukleus:begin.ext ${http:headers()
                             .item(":method", "POST")
                             .item(":scheme", "http")
                             .item(":path", "/")
                             .item(":authority", "localhost:8080")
                             .build()}

write nukleus:begin.ext ${http:headers()
                              .item(":status", "200")
                              .item("server", "CERN/3.0 libwww/2.17")
                              .item("date", "Wed, 01 Feb 2017 19:12:46 GMT")
                              .item("content-type", "text/html; charset=UTF-8")
                              .item("content-length", "113")
                              .build()}

connected

read "Hello, world"

# First push promise
write nukleus:data.ext ${http:headers()
                             .item(":method", "GET")
                             .item(":scheme", "http")
                             .item(":path", "/style.css")
                             .item(":authority", "localhost:8080")
                             .build()}
write flush

# Second push promise
write nukleus:data.ext ${http:headers()
                             .item(":method", "GET")
                             .item(":scheme", "http")
                             .item(":path", "/script.js")
                             .item(":authority", "localhost:8080")
                             .build()}
write flush

write "<html>"
      "<head><link rel=\"stylesheet\" href=\"styles.css\"></head>"
      "<body><script src=\"script.js\"></script></body>"
      "</html>"
write flush


#
# First promised response
#
accepted

read nukleus:begin.ext ${http:headers()
                             .item(":method", "GET")
                             .item(":scheme", "http")
                             .item(":path", "/style.css")
                             .item(":authority", "localhost:8080")
                             .build()}

write nukleus:begin.ext ${http:headers()
                              .item(":status", "200")
                              .item("server", "CERN/3.0 libwww/2.17")
                              .item("date", "Wed, 01 Feb 2017 19:12:46 GMT")
                              .item("content-type", "text/css")
                              .item("content-length", "31")
                              .build()}

connected

write "h1 {"
      "    color: blue;"
      "}"
write flush


#
# Second promised response
#
accepted

read nukleus:begin.ext ${http:headers()
                             .item(":method", "GET")
                             .item(":scheme", "http")
                             .item(":path", "/script.js")
                             .item(":authority", "localhost:8080")
                             .build()}

write nukleus:begin.ext ${http:headers()
                              .item(":status", "200")
                              .item("server", "CERN/3.0 libwww/2.17")
                              .item("date", "Wed, 01 Feb 2017 19:12:46 GMT")
                              .item("content-type", "text/javascript")
                              .item("content-length", "15")
                              .build()}

connected

write "function f() {"
      "}"
write flush

