#
# Copyright 2016-2017 The Reaktivity Project
#
# The Reaktivity Project licenses this file to you under the Apache License,
# version 2.0 (the "License"); you may not use this file except in compliance
# with the License. You may obtain a copy of the License at:
#
#   http://www.apache.org/licenses/LICENSE-2.0
#
# Unless required by applicable law or agreed to in writing, software
# distributed under the License is distributed on an "AS IS" BASIS, WITHOUT
# WARRANTIES OR CONDITIONS OF ANY KIND, either express or implied. See the
# License for the specific language governing permissions and limitations
# under the License.
#

property newServerAcceptRef  ${nuklei:newReferenceId()} # external
property newClientConnectRef ${newServerAcceptRef} # external scope
property serverTransport "nukleus://target/streams/http#source"

accept ${serverTransport}
  option nukleus:route ${newClientConnectRef}
  option nukleus:window 77
  option nukleus:transmission "duplex"
accepted
connected

read "GET /request1 HTTP/1.1" "\r\n"
read "Host: localhost:8080" "\r\n"
read "\r\n"

read "GET /request2 HTTP/1.1" "\r\n"
read "Host: localhost:8080" "\r\n"
read "\r\n"

write "HTTP/1.1 200 OK" "\r\n"
write "Content-Length: 9" "\r\n"
write "\r\n"
write "response1"

write "HTTP/1.1 200 OK" "\r\n"
write "Content-Length: 9" "\r\n"
write "\r\n"
write "response2"

