#
# Copyright 2016-2017 The Reaktivity Project
#
# The Reaktivity Project licenses this file to you under the Apache License,
# version 2.0 (the "License"); you may not use this file except in compliance
# with the License. You may obtain a copy of the License at:
#
#   http://www.apache.org/licenses/LICENSE-2.0
#
# Unless required by applicable law or agreed to in writing, software
# distributed under the License is distributed on an "AS IS" BASIS, WITHOUT
# WARRANTIES OR CONDITIONS OF ANY KIND, either express or implied. See the
# License for the specific language governing permissions and limitations
# under the License.
#

property newTargetInitialRef ${nuklei:newReferenceId()} # external scope
property newRejectTargetRef ${nuklei:newReferenceId()} # external scope

property nuklei ${nuklei:directory("target/nukleus-itests").streamsCapacity(1024 * 1024, 64 * 1024)}

property sourceInitial ${nuklei.streams("http", "source")}
property sourceReply ${nuklei.streams("rejectTarget", "http#source")}

property newRejectTargetId ${nuklei:newStreamId()}

connect await ROUTED_INITIAL
        agrona://stream/bidirectional
        option reader ${agrona:oneToOneReader(sourceInitial.buffer)}
        option writer ${agrona:oneToOneWriter(sourceInitial.throttle)}
connected

read [0x00 0x00 0x00 0x01]
read ([0..8]:initialId)
read ([0..8]:initialRef)
read ([0..8]:correlationId)
read [0x00]

write [0x40 0x00 0x00 0x02]
write ${initialId}
write [0x00 0x02 0x00 0x00]
write flush

read [0x00 0x00 0x00 0x02]
read ${initialId}
read [0x39]
read "GET http://username:password@localhost:8000/ HTTP/1.1\r\n"
read "\r\n"

write notify REQUEST_DECODED

write [0x40 0x00 0x00 0x02]
write ${initialId}
write [0x12 0x00 0x00 0x00]
write flush

close
closed

connect await REQUEST_DECODED
        agrona://stream/bidirectional
        option reader ${agrona:oneToOneReader(sourceReply.throttle)}
        option writer ${agrona:oneToOneWriter(sourceReply.buffer)}
connected

write [0x00 0x00 0x00 0x01]
write ${newRejectTargetId}
write ${newRejectTargetRef}
write ${correlationId}
write [0x00]
write flush

read [0x40 0x00 0x00 0x02]
read ${newRejectTargetId}
read [0..4]

write [0x00 0x00 0x00 0x02]
write ${newRejectTargetId}
write [0x1c]
write "HTTP/1.1 400 Bad Request\r\n"
write "\r\n"
write [0x00]
write flush

read [0x40 0x00 0x00 0x02]
read ${newRejectTargetId}
read [0..4]

close
closed
