#
# Copyright 2016-2017 The Reaktivity Project
#
# The Reaktivity Project licenses this file to you under the Apache License,
# version 2.0 (the "License"); you may not use this file except in compliance
# with the License. You may obtain a copy of the License at:
#
#   http://www.apache.org/licenses/LICENSE-2.0
#
# Unless required by applicable law or agreed to in writing, software
# distributed under the License is distributed on an "AS IS" BASIS, WITHOUT
# WARRANTIES OR CONDITIONS OF ANY KIND, either express or implied. See the
# License for the specific language governing permissions and limitations
# under the License.
#

property newInitialRef ${nuklei:newReferenceId()} # external scope

property nuklei ${nuklei:directory("target/nukleus-itests").streamsCapacity(1024 * 1024, 64 * 1024)}

property sourceInitial ${nuklei.streams("http", "source")}
property sourceReply ${nuklei.streams("rejectTarget", "http#source")}

property newInitialId ${nuklei:newStreamId()}
property newCorrelationId ${nuklei:newCorrelationId()}

connect await ROUTED_INITIAL
        agrona://stream/bidirectional
        option reader ${agrona:oneToOneReader(sourceInitial.throttle)}
        option writer ${agrona:oneToOneWriter(sourceInitial.buffer)}
connected

write [0x00 0x00 0x00 0x01]
write ${newInitialId}
write ${newInitialRef}
write ${newCorrelationId}
write [0x00]
write flush

read [0x40 0x00 0x00 0x02]
read ${newInitialId}
read [0..4]

write [0x00 0x00 0x00 0x02]
write ${newInitialId}
write [0x39]
write "GET http://username:password@localhost:8000/ HTTP/1.1\r\n"
write "\r\n"
write flush

read [0x40 0x00 0x00 0x02]
read ${newInitialId}
read [0..4]

close
closed


connect await REJECTED_INITIAL
        agrona://stream/bidirectional
        option reader ${agrona:oneToOneReader(sourceReply.buffer)}
        option writer ${agrona:oneToOneWriter(sourceReply.throttle)}
connected

read [0x00 0x00 0x00 0x01]
read ([0..8]:rejectId)
read ([0..8]:rejectRef)
read ${newCorrelationId}
read [0x00]

write [0x40 0x00 0x00 0x02]
write ${rejectId}
write [0x00 0x02 0x00 0x00]
write flush

read [0x00 0x00 0x00 0x02]
read ${rejectId}
read [0x1c]
read "HTTP/1.1 400 Bad Request\r\n"
read "\r\n"
read [0x00]

write [0x40 0x00 0x00 0x02]
write ${rejectId}
write [0x1a 0x00 0x00 0x00]
write flush

close
closed
