#
# Copyright 2016-2017 The Reaktivity Project
#
# The Reaktivity Project licenses this file to you under the Apache License,
# version 2.0 (the "License"); you may not use this file except in compliance
# with the License. You may obtain a copy of the License at:
#
#   http://www.apache.org/licenses/LICENSE-2.0
#
# Unless required by applicable law or agreed to in writing, software
# distributed under the License is distributed on an "AS IS" BASIS, WITHOUT
# WARRANTIES OR CONDITIONS OF ANY KIND, either express or implied. See the
# License for the specific language governing permissions and limitations
# under the License.
#

property nuklei ${nuklei:directory("target/nukleus-itests").streamsCapacity(1024 * 1024, 64 * 1024)}

property targetInput ${nuklei.streams("target", "http#source")}
property targetOutputEst ${nuklei.streams("http", "target")}

property newTargetOutputEstId ${nuklei:newStreamId()}

connect await ROUTED_INPUT
        "agrona://stream/bidirectional"
        option agrona:reader ${agrona:oneToOneReader(targetInput.buffer)}
        option agrona:writer ${agrona:oneToOneWriter(targetInput.throttle)}
connected

read [0x00 0x00 0x00 0x01]
read ([0..8]:targetInputId)
read ([0..8]:targetInputRef)
read ([0..8]:targetCorrelationId)
read [0x00] [0x07] ":scheme" [0x04] "http"
read [0x00] [0x07] ":method" [0x03] "GET"
read [0x00] [0x05] ":path" [0x01] "/"
read [0x00] [0x0a] ":authority" [0x0e] "localhost:8080"
read [0x00] [0x0a] "connection" [0x07] "Upgrade"
read [0x00] [0x07] "upgrade" [0x08] "protocol" 

read notify HTTP_REQUEST_HEADERS_RECEIVED

write [0x40 0x00 0x00 0x02]
write ${targetInputId}
write [0x00 0x20 0x00 0x00]
write flush


connect await HTTP_REQUEST_HEADERS_RECEIVED
        "agrona://stream/bidirectional"
        option agrona:reader ${agrona:oneToOneReader(targetOutputEst.throttle)}
        option agrona:writer ${agrona:oneToOneWriter(targetOutputEst.buffer)}
connected

write [0x00 0x00 0x00 0x01]
write ${newTargetOutputEstId}
write [0x00 0x00 0x00 0x00 0x00 0x00 0x00 0x00]
write ${targetCorrelationId}
write [0x00] [0x07] ":status" [0x03] "101"
write [0x00] [0x07] "upgrade" [0x08] "protocol"
write flush

read [0x40 0x00 0x00 0x02]
read ${newTargetOutputEstId}
read [0..4]

write [0x00 0x00 0x00 0x02]
write ${newTargetOutputEstId}
write [0x00 0x22]
write "custom protocol payload 34 bytes 1"
write flush

read [0x40 0x00 0x00 0x02]
read ${newTargetOutputEstId}
read [0..4]

write [0x00 0x00 0x00 0x02]
write ${newTargetOutputEstId}
write [0x00 0x22]
write "custom protocol payload 34 bytes 2"
write flush

read [0x40 0x00 0x00 0x02]
read ${newTargetOutputEstId}
read [0..4]

write [0x00 0x00 0x00 0x02]
write ${newTargetOutputEstId}
write [0x00 0x22]
write "custom protocol payload 34 bytes 3"
write flush

read [0x40 0x00 0x00 0x02]
read ${newTargetOutputEstId}
read [0x22 0x00 0x00 0x00]

write [0x00 0x00 0x00 0x02]
write ${newTargetOutputEstId}
write [0x00 0x22]
write "custom protocol payload 34 bytes 4"
write flush

read [0x40 0x00 0x00 0x02]
read ${newTargetOutputEstId}
read [0x22 0x00 0x00 0x00]