#
# Copyright 2016-2019 The Reaktivity Project
#
# The Reaktivity Project licenses this file to you under the Apache License,
# version 2.0 (the "License"); you may not use this file except in compliance
# with the License. You may obtain a copy of the License at:
#
#   http://www.apache.org/licenses/LICENSE-2.0
#
# Unless required by applicable law or agreed to in writing, software
# distributed under the License is distributed on an "AS IS" BASIS, WITHOUT
# WARRANTIES OR CONDITIONS OF ANY KIND, either express or implied. See the
# License for the specific language governing permissions and limitations
# under the License.
#

property serverTransport "nukleus://streams/target#0"

accept ${serverTransport}
        option nukleus:window 8192
        option nukleus:transmission "half-duplex"

#
# First client-initiated stream
#
accepted

read nukleus:begin.ext ${http:beginEx()
                              .typeId(nukleus:id("http"))
                             .header(":method", "POST")
                             .header(":scheme", "http")
                             .header(":path", "/")
                             .header(":authority", "localhost:8080")
                             .build()}
connected

write nukleus:begin.ext ${http:beginEx()
                              .typeId(nukleus:id("http"))
                              .header(":status", "200")
                              .header("server", "CERN/3.0 libwww/2.17")
                              .header("date", "Wed, 01 Feb 2017 19:12:46 GMT")
                              .header("content-type", "text/html; charset=UTF-8")
                              .header("content-length", "113")
                              .build()}
write flush

write await SECOND_REQUEST_RECEIVED

# First push promise
write nukleus:data.ext ${http:beginEx()
                              .typeId(nukleus:id("http"))
                             .header(":method", "GET")
                             .header(":scheme", "http")
                             .header(":path", "/style.css")
                             .header(":authority", "localhost:8080")
                             .build()}
write flush

# Second push promise
write nukleus:data.ext ${http:beginEx()
                              .typeId(nukleus:id("http"))
                             .header(":method", "GET")
                             .header(":scheme", "http")
                             .header(":path", "/script.js")
                             .header(":authority", "localhost:8080")
                             .build()}
write flush

write "<html>"
      "<head><link rel=\"stylesheet\" href=\"styles.css\"></head>"
      "<body><script src=\"script.js\"></script></body>"
      "</html>"
write flush
write close

write notify FIRST_RESPONSE_COMPLETED

#
# Second client-initiated stream
#
accepted

read nukleus:begin.ext ${http:beginEx()
                             .typeId(nukleus:id("http"))
                             .header(":method", "GET")
                             .header(":scheme", "http")
                             .header(":path", "/push")
                             .header(":authority", "localhost:8080")
                             .build()}
connected

write nukleus:begin.ext ${http:beginEx()
                              .typeId(nukleus:id("http"))
                              .header(":status", "200")
                              .header("server", "CERN/3.0 libwww/2.17")
                              .header("date", "Wed, 01 Feb 2017 19:12:46 GMT")
                              .build()}
write flush

read notify SECOND_REQUEST_RECEIVED



#
# First promised response
#
accepted

read nukleus:begin.ext ${http:beginEx()
                             .typeId(nukleus:id("http"))
                             .header(":method", "GET")
                             .header(":scheme", "http")
                             .header(":path", "/style.css")
                             .header(":authority", "localhost:8080")
                             .build()}
connected

write nukleus:begin.ext ${http:beginEx()
                              .typeId(nukleus:id("http"))
                              .header(":status", "200")
                              .header("server", "CERN/3.0 libwww/2.17")
                              .header("date", "Wed, 01 Feb 2017 19:12:46 GMT")
                              .header("content-type", "text/css")
                              .header("content-length", "31")
                              .build()}
write flush

# Third push promise
write await SECOND_PROMISED_RESPONSE_HEADERS_SENT
write await FIRST_RESPONSE_COMPLETED

write nukleus:data.ext ${http:dataEx()
                             .typeId(nukleus:id("http"))
                             .promise(":method", "GET")
                             .promise(":scheme", "http")
                             .promise(":path", "/widget.css")
                             .promise(":authority", "localhost:8080")
                             .build()}
write flush

write "h1 {"
      "    color: blue;"
      "}"
write flush
write notify FIRST_PROMISED_RESPONSE


#
# Second promised response
#
accepted

read nukleus:begin.ext ${http:beginEx()
                             .typeId(nukleus:id("http"))
                             .header(":method", "GET")
                             .header(":scheme", "http")
                             .header(":path", "/script.js")
                             .header(":authority", "localhost:8080")
                             .build()}
connected

write nukleus:begin.ext ${http:beginEx()
                              .typeId(nukleus:id("http"))
                              .header(":status", "200")
                              .header("server", "CERN/3.0 libwww/2.17")
                              .header("date", "Wed, 01 Feb 2017 19:12:46 GMT")
                              .header("content-type", "text/javascript")
                              .header("content-length", "15")
                              .build()}
write flush
write notify SECOND_PROMISED_RESPONSE_HEADERS_SENT

write await FIRST_PROMISED_RESPONSE
write "function f() {"
      "}"
write flush
