#
# Copyright 2016-2017 The Reaktivity Project
#
# The Reaktivity Project licenses this file to you under the Apache License,
# version 2.0 (the "License"); you may not use this file except in compliance
# with the License. You may obtain a copy of the License at:
#
#   http://www.apache.org/licenses/LICENSE-2.0
#
# Unless required by applicable law or agreed to in writing, software
# distributed under the License is distributed on an "AS IS" BASIS, WITHOUT
# WARRANTIES OR CONDITIONS OF ANY KIND, either express or implied. See the
# License for the specific language governing permissions and limitations
# under the License.
#

property routeRef 1234L # external

accept "nukleus://http2/streams/source"
       option nukleus:route ${routeRef}
       option nukleus:window 8192
       option nukleus:throttle "off"
       option nukleus:transmission "duplex"
accepted
connected

# client connection preface)
read "PRI * HTTP/2.0\r\n"
     "\r\n"
     "SM\r\n"
     "\r\n"

# server connection preface - SETTINGS frame
write [0x00 0x00 0x06]                   # length = 6
      [0x04]                             # HTTP2 SETTINGS frame
      [0x00]                             # flags = 0x00
      [0x00 0x00 0x00 0x00]              # stream_id = 0
      [0x00 0x03 0x00 0x00 0x00 0x64]    # SETTINGS_MAX_CONCURRENT_STREAMS(0x03) = 100
write flush
