#
# Copyright 2016-2017 The Reaktivity Project
#
# The Reaktivity Project licenses this file to you under the Apache License,
# version 2.0 (the "License"); you may not use this file except in compliance
# with the License. You may obtain a copy of the License at:
#
#   http://www.apache.org/licenses/LICENSE-2.0
#
# Unless required by applicable law or agreed to in writing, software
# distributed under the License is distributed on an "AS IS" BASIS, WITHOUT
# WARRANTIES OR CONDITIONS OF ANY KIND, either express or implied. See the
# License for the specific language governing permissions and limitations
# under the License.
#

property nuklei ${nuklei:directory("target/nukleus-itests").streamsCapacity(1024 * 1024, 64 * 1024)}

property serverConnect ${nuklei.streams("target", "http#source")}
property serverConnectReply ${nuklei.streams("http", "target")}

property newServerConnectReplyId ${nuklei:newStreamId()}

property serverConnectInitialWindow [0x00 0x20 0x00 0x00]

connect await ROUTED_SERVER
        "agrona://stream/bidirectional"
        option agrona:reader ${agrona:oneToOneReader(serverConnect.buffer)}
        option agrona:writer ${agrona:oneToOneWriter(serverConnect.throttle)}
connected

read [0x00 0x00 0x00 0x01]
read ([0..8]:serverConnectId)
read [0x04] "http"
read ([0..8]:serverConnectRef)
read ([0..8]:targetCorrelationId)
read [0x00] [0x07] ":scheme" [0x04] "http"
read [0x00] [0x07] ":method" [0x03] "GET"
read [0x00] [0x05] ":path" [0x01] "/"
read [0x00] [0x0a] ":authority" [0x0e] "localhost:8080"
read [0x00] [0x0a] "connection" [0x07] "Upgrade"
read [0x00] [0x07] "upgrade" [0x08] "protocol" 

read notify HTTP_REQUEST_HEADERS_RECEIVED

write [0x40 0x00 0x00 0x02]
write ${serverConnectId}
write ${serverConnectInitialWindow}
write ${serverConnectInitialWindow}
write flush

read notify HTTP_REQUEST_PAYLOAD_RECEIVED

read [0x00 0x00 0x00 0x02]
read ${serverConnectId}
read [0x00 0x22]
read "custom protocol payload 34 bytes 1"

write [0x40 0x00 0x00 0x02]
write ${serverConnectId}
write [0x22 0x00 0x00 0x00]
write [0x22 0x00 0x00 0x00]
write flush

read [0x00 0x00 0x00 0x02]
read ${serverConnectId}
read [0x00 0x22]
read "custom protocol payload 34 bytes 2"

write [0x40 0x00 0x00 0x02]
write ${serverConnectId}
write [0x22 0x00 0x00 0x00]
write [0x22 0x00 0x00 0x00]
write flush

read [0x00 0x00 0x00 0x02]
read ${serverConnectId}
read [0x00 0x22]
read "custom protocol payload 34 bytes 3"

write [0x40 0x00 0x00 0x02]
write ${serverConnectId}
write [0x22 0x00 0x00 0x00]
write [0x22 0x00 0x00 0x00]
write flush

read [0x00 0x00 0x00 0x02]
read ${serverConnectId}
read [0x00 0x22]
read "custom protocol payload 34 bytes 4"

write [0x40 0x00 0x00 0x02]
write ${serverConnectId}
write [0x22 0x00 0x00 0x00]
write [0x22 0x00 0x00 0x00]
write flush

connect await HTTP_REQUEST_HEADERS_RECEIVED
        "agrona://stream/bidirectional"
        option agrona:reader ${agrona:oneToOneReader(serverConnectReply.throttle)}
        option agrona:writer ${agrona:oneToOneWriter(serverConnectReply.buffer)}
connected

write [0x00 0x00 0x00 0x01]
write ${newServerConnectReplyId}
write [0x06] "target"
write [0x00 0x00 0x00 0x00 0x00 0x00 0x00 0x00]
write ${targetCorrelationId}
write [0x00] [0x07] ":status" [0x03] "101"
write [0x00] [0x07] "upgrade" [0x08] "protocol"
write flush

read [0x40 0x00 0x00 0x02]
read ${newServerConnectReplyId}
read [0..4]
read [0..4]
