#
# Copyright 2016-2017 The Reaktivity Project
#
# The Reaktivity Project licenses this file to you under the Apache License,
# version 2.0 (the "License"); you may not use this file except in compliance
# with the License. You may obtain a copy of the License at:
#
#   http://www.apache.org/licenses/LICENSE-2.0
#
# Unless required by applicable law or agreed to in writing, software
# distributed under the License is distributed on an "AS IS" BASIS, WITHOUT
# WARRANTIES OR CONDITIONS OF ANY KIND, either express or implied. See the
# License for the specific language governing permissions and limitations
# under the License.
#

property newClientAcceptRef ${nuklei:newReferenceId()} # external scope

connect await ROUTED_CLIENT
        "nukleus://http/streams/source"
    option nukleus:route ${newClientAcceptRef}
    option nukleus:window 8192

write nukleus:begin.ext ${http:headers()
                              .item(":scheme", "http")
                              .item(":method", "GET")
                              .item(":path", "/")
                              .item(":authority", "localhost:8080")
                              .item("Custom-Header-1", "custom header 1 value")
                              .item("Custom-Header-2", "custom header 2 value")
                              .build()}
connected

write aborted

