#
# Copyright 2016-2018 The Reaktivity Project
#
# The Reaktivity Project licenses this file to you under the Apache License,
# version 2.0 (the "License"); you may not use this file except in compliance
# with the License. You may obtain a copy of the License at:
#
#   http://www.apache.org/licenses/LICENSE-2.0
#
# Unless required by applicable law or agreed to in writing, software
# distributed under the License is distributed on an "AS IS" BASIS, WITHOUT
# WARRANTIES OR CONDITIONS OF ANY KIND, either express or implied. See the
# License for the specific language governing permissions and limitations
# under the License.
#

property newClientAcceptRef ${nuklei:newReferenceId()} # external scope

connect await ROUTED_CLIENT
        "nukleus://http2/streams/source"
        option nukleus:route ${newClientAcceptRef}
        option nukleus:window 40000
        option nukleus:transmission "half-duplex"


write nukleus:begin.ext ${http:headers()
                              .item(":method", "GET")
                              .item(":scheme", "http")
                              .item(":path", "/")
                              .item(":authority", "localhost:8080")
                              .build()}

connected

read nukleus:begin.ext ${http:headers()
                             .item(":status", "200")
                             .item("server", "CERN/3.0 libwww/2.17")
                             .item("date", "Wed, 01 Feb 2017 19:12:46 GMT")
                             .item("content-type", "text/html; charset=UTF-8")
                             .item("connection", "upgrade, close, connection-header")
                             .item("transfer-encoding", "chunked")
                             .item("upgrade", "websocket")
                             .item("connection-header", "custom")
                             .item("keep-alive", "timeout=5, max=100")
                             .item("proxy-connection", "localhost:7070")
                             .build()}

read "Hello, World"

