#
# Copyright 2016-2017 The Reaktivity Project
#
# The Reaktivity Project licenses this file to you under the Apache License,
# version 2.0 (the "License"); you may not use this file except in compliance
# with the License. You may obtain a copy of the License at:
#
#   http://www.apache.org/licenses/LICENSE-2.0
#
# Unless required by applicable law or agreed to in writing, software
# distributed under the License is distributed on an "AS IS" BASIS, WITHOUT
# WARRANTIES OR CONDITIONS OF ANY KIND, either express or implied. See the
# License for the specific language governing permissions and limitations
# under the License.
#

property newClientAcceptRef ${nuklei:newReferenceId()} 
property newServerConnectRef ${newClientAcceptRef} # external scope

property serverTransport "nukleus://target/streams/http2#source"

accept ${serverTransport}
        option nukleus:route ${newServerConnectRef}
        option nukleus:window 40000
        option nukleus:transmission "duplex"
accepted

read nukleus:begin.ext ${http:header(":method", "GET")}
                       ${http:header(":scheme", "http")}
                       ${http:header(":path", "/")}
                       ${http:header(":authority", "localhost:8080")}

write nukleus:begin.ext ${http:header(":status", "200")}
                        ${http:header("server", "CERN/3.0 libwww/2.17")}
                        ${http:header("date", "Wed, 01 Feb 2017 19:12:46 GMT")}
                        ${http:header("content-type", "text/html; charset=UTF-8")}
                        ${http:header("connection", "upgrade, close, connection-header")}
                        ${http:header("transfer-encoding", "chunked")}
                        ${http:header("upgrade", "websocket")}
                        ${http:header("connection-header", "custom")}
                        ${http:header("keep-alive", "timeout=5, max=100")}
                        ${http:header("proxy-connection", "localhost:7070")}
connected

write "Hello, World"
write flush
