#
# Copyright 2016-2017 The Reaktivity Project
#
# The Reaktivity Project licenses this file to you under the Apache License,
# version 2.0 (the "License"); you may not use this file except in compliance
# with the License. You may obtain a copy of the License at:
#
#   http://www.apache.org/licenses/LICENSE-2.0
#
# Unless required by applicable law or agreed to in writing, software
# distributed under the License is distributed on an "AS IS" BASIS, WITHOUT
# WARRANTIES OR CONDITIONS OF ANY KIND, either express or implied. See the
# License for the specific language governing permissions and limitations
# under the License.
#

property nuklei ${nuklei:directory("target/nukleus-itests").streamsCapacity(1024 * 1024, 64 * 1024)}

property sourceInput ${nuklei.streams("http", "source")}
property sourceOutputEst ${nuklei.streams("source", "http#target")}

property newSourceOutputEstId ${nuklei:newStreamId()}

connect await ROUTED_INPUT
        "agrona://stream/bidirectional"
        option agrona:reader ${agrona:oneToOneReader(sourceInput.buffer)}
        option agrona:writer ${agrona:oneToOneWriter(sourceInput.throttle)}
connected

read [0x00 0x00 0x00 0x01]
read ([0..8]:sourceInputId)
read ([0..8]:sourceInputRef)
read ([0..8]:sourceCorrelationId)

write [0x40 0x00 0x00 0x02]
write ${sourceInputId}
write [0x00 0x02 0x00 0x00]
write flush

read [0x00 0x00 0x00 0x02]
read ${sourceInputId}
read [0x00 0x28]
read "GET / HTTP/2.0\r\n"
read "Host: localhost:8080\r\n"
read "\r\n"

write notify HTTP_REQUEST_DECODED

write [0x40 0x00 0x00 0x01]
write ${sourceInputId}
write flush

close
closed

connect await HTTP_REQUEST_DECODED
        "agrona://stream/bidirectional"
        option agrona:reader ${agrona:oneToOneReader(sourceOutputEst.throttle)}
        option agrona:writer ${agrona:oneToOneWriter(sourceOutputEst.buffer)}
connected

write [0x00 0x00 0x00 0x01]
write ${newSourceOutputEstId}
write [0x00 0x00 0x00 0x00 0x00 0x00 0x00 0x00]
write ${sourceCorrelationId}
write flush

read [0x40 0x00 0x00 0x02]
read ${newSourceOutputEstId}
read [0..4]

write [0x00 0x00 0x00 0x02]
write ${newSourceOutputEstId}
write [0x00 0x3e]
write "HTTP/1.1 505 HTTP Version Not Supported\r\n"
write "Connection: close\r\n"
write "\r\n"
write flush

read [0x40 0x00 0x00 0x02]
read ${newSourceOutputEstId}
read [0..4]

close
closed
