#
# Copyright 2016-2017 The Reaktivity Project
#
# The Reaktivity Project licenses this file to you under the Apache License,
# version 2.0 (the "License"); you may not use this file except in compliance
# with the License. You may obtain a copy of the License at:
#
#   http://www.apache.org/licenses/LICENSE-2.0
#
# Unless required by applicable law or agreed to in writing, software
# distributed under the License is distributed on an "AS IS" BASIS, WITHOUT
# WARRANTIES OR CONDITIONS OF ANY KIND, either express or implied. See the
# License for the specific language governing permissions and limitations
# under the License.
#

property nuklei ${nuklei:directory("target/nukleus-itests").streamsCapacity(1024 * 1024, 64 * 1024)}

property newTargetOutput ${nuklei.streams("target", "http#source")}
property targetInputEst ${nuklei.streams("http", "target")}

property targetInputEstId ${nuklei:newStreamId()}

connect await ROUTED_OUTPUT
        agrona://stream/bidirectional
        option reader ${agrona:oneToOneReader(newTargetOutput.buffer)}
        option writer ${agrona:oneToOneWriter(newTargetOutput.throttle)}
connected

read [0x00 0x00 0x00 0x01]
read ([0..8]:newTargetOutputId)
read ([0..8]:newTargetOutputRef)
read ([0..8]:newTargetCorrelationId)

read notify HTTP_CONNECTION_POOL_OPENED

write [0x40 0x00 0x00 0x02]
write ${newTargetOutputId}
write [0x00 0x02 0x00 0x00]
write flush

read [0x00 0x00 0x00 0x02]
read ${newTargetOutputId}
read [0x00 0x50]
read "GET / HTTP/1.1\r\n"
read "Host: localhost:8080\r\n"
read "Connection: Upgrade\r\n" 
read "Upgrade: protocol\r\n"
read "\r\n"

read notify HTTP_REQUEST_DECODED

write [0x40 0x00 0x00 0x02]
write ${newTargetOutputId}
write [0x50 0x00 0x00 0x00] # TODO: native int
write flush

read [0x00 0x00 0x00 0x02]
read ${newSourceInputId}
read [0x00 0x17]
read "custom protocol payload"

write [0x40 0x00 0x00 0x02]
write ${newTargetOutputId}
write [0x17 0x00 0x00 0x00] # TODO: native int
write flush

close
closed


connect await HTTP_CONNECTION_POOL_OPENED
        agrona://stream/bidirectional
        option reader ${agrona:oneToOneReader(targetInputEst.throttle)}
        option writer ${agrona:oneToOneWriter(targetInputEst.buffer)}
connected

write [0x00 0x00 0x00 0x01]
write ${targetInputEstId}
write [0x00 0x00 0x00 0x00 0x00 0x00 0x00 0x00]
write ${newTargetCorrelationId}
write flush

read [0x40 0x00 0x00 0x02]
read ${targetInputEstId}
read [0..4]

write await HTTP_REQUEST_DECODED

write [0x00 0x00 0x00 0x02]
write ${targetInputEstId}
write [0x00 0x37]
write "HTTP/1.1 101 Switching Protocols\r\n"
write "Upgrade: protocol\r\n"
write "\r\n"
write flush

read [0x40 0x00 0x00 0x02]
read ${targetInputEstId}
read [0..4]

close
closed
