#
# Copyright 2007-2015, Kaazing Corporation. All rights reserved.
#
# Licensed under the Apache License, Version 2.0 (the "License");
# you may not use this file except in compliance with the License.
# You may obtain a copy of the License at
#
# http://www.apache.org/licenses/LICENSE-2.0
#
# Unless required by applicable law or agreed to in writing, software
# distributed under the License is distributed on an "AS IS" BASIS,
# WITHOUT WARRANTIES OR CONDITIONS OF ANY KIND, either express or implied.
# See the License for the specific language governing permissions and
# limitations under the License.
#

property transport "nukleus://http/streams/client"
property routeRef 1234L # external

connect "http://localhost:8080/"
  option http:transport "nukleus://http/streams/client"
  option nukleus:route ${routeRef}
  option nukleus:window 8192
  option nukleus:transmission "duplex"
connected
write http:method "GET"
write http:version "HTTP/1.1"
write http:host

read http:version "HTTP/1.1"
read http:status "200" "OK"

