#
# Copyright 2016-2017 The Reaktivity Project
#
# The Reaktivity Project licenses this file to you under the Apache License,
# version 2.0 (the "License"); you may not use this file except in compliance
# with the License. You may obtain a copy of the License at:
#
#   http://www.apache.org/licenses/LICENSE-2.0
#
# Unless required by applicable law or agreed to in writing, software
# distributed under the License is distributed on an "AS IS" BASIS, WITHOUT
# WARRANTIES OR CONDITIONS OF ANY KIND, either express or implied. See the
# License for the specific language governing permissions and limitations
# under the License.
#

property newSourceRef ${nuklei:newInitialRef()} # external scope

property nuklei ${nuklei:directory("target/nukleus-itests").streamsCapacity(1024 * 1024, 64 * 1024)}

property sourceInitial ${nuklei.streams("http", "source")}
property sourceReply ${nuklei.streams("reply", "http#target")}

property newSourceId ${nuklei:newStreamId()}
property newSourceReplyRef ${nuklei:newReplyRef()}
property newSourceReplyId ${nuklei:newStreamId()}

connect await ROUTED
        agrona://stream/bidirectional
        option reader ${agrona:oneToOneReader(sourceReply.buffer)}
        option writer ${agrona:oneToOneWriter(sourceInitial.buffer)}
connected

write [0x00 0x00 0x00 0x01]
write ${newSourceId}
write ${newSourceRef}
write ${newSourceReplyId}
write ${newSourceReplyRef}
write [0x00] [0x07] ":scheme" [0x04] "http"
write [0x00] [0x07] ":method" [0x03] "GET"
write [0x00] [0x05] ":path"   [0x01] "/"
write [0x00] [0x04] "host"    [0x0e] "localhost:8080"
write flush
