#
# Copyright 2016-2017 The Reaktivity Project
#
# The Reaktivity Project licenses this file to you under the Apache License,
# version 2.0 (the "License"); you may not use this file except in compliance
# with the License. You may obtain a copy of the License at:
#
#   http://www.apache.org/licenses/LICENSE-2.0
#
# Unless required by applicable law or agreed to in writing, software
# distributed under the License is distributed on an "AS IS" BASIS, WITHOUT
# WARRANTIES OR CONDITIONS OF ANY KIND, either express or implied. See the
# License for the specific language governing permissions and limitations
# under the License.
#

property nuklei ${nuklei:directory("target/nukleus-itests").streamsCapacity(1024 * 1024, 64 * 1024)}

property targetInitial ${nuklei.streams("target", "http#source")}
property targetReply ${nuklei.streams("http", "target")}

connect await ROUTED
        agrona://stream/bidirectional
        option reader ${agrona:oneToOneReader(targetInitial.buffer)}
        option writer ${agrona:oneToOneWriter(targetReply.buffer)}
connected

read [0x00 0x00 0x00 0x01]
read ([0..8]:targetId)
read ([0..8]:targetRef)
read ([0..8]:targetReplyId)
read ([0..8]:targetReplyRef)

write [0x00 0x00 0x00 0x01]
write ${targetReplyId}
write ${targetReplyRef}
write ${targetId}
write ${targetRef}
write flush
write notify CONNECTION_POOL_READY

read await CONNECTION_POOL_READY
read [0x00 0x00 0x00 0x02]
read ${targetId}
read [0x00 0x28]
read "GET / HTTP/1.1\r\n"
read "Host: localhost:8080\r\n"
read "\r\n"
