#
# Copyright 2016-2017 The Reaktivity Project
#
# The Reaktivity Project licenses this file to you under the Apache License,
# version 2.0 (the "License"); you may not use this file except in compliance
# with the License. You may obtain a copy of the License at:
#
#   http://www.apache.org/licenses/LICENSE-2.0
#
# Unless required by applicable law or agreed to in writing, software
# distributed under the License is distributed on an "AS IS" BASIS, WITHOUT
# WARRANTIES OR CONDITIONS OF ANY KIND, either express or implied. See the
# License for the specific language governing permissions and limitations
# under the License.
#

property newInitialRef ${nuklei:newReferenceId()} # external scope
property newRejectTargetRef ${nuklei:newReferenceId()} # external scope

property nukleiC13C ${nuklei:directory("target/nukleus-itests").controlCapacity(1024, 1024)}

property controlC13C ${nukleiC13C.control("http")}

property correlationIdC13C ${nuklei:newCorrelationId()}

connect await ROUTED_INITIAL
        agrona://stream/bidirectional
        option reader ${agrona:broadcastReceiver(controlC13C.controller)}
        option writer ${agrona:manyToOneWriter(controlC13C.nukleus)}

connected

write [0x00 0x00 0x00 0x13]
write ${correlationIdC13C}
write [0x06] "source"
write ${newInitialRef}
write [0x0c] "rejectTarget"
write ${newRejectTargetRef}
write [0x00]
write flush

read [0x40 0x00 0x00 0x13]
read ${correlationIdC13C}

close
closed

read notify REJECTED_INITIAL
