#
# Copyright 2016-2017 The Reaktivity Project
#
# The Reaktivity Project licenses this file to you under the Apache License,
# version 2.0 (the "License"); you may not use this file except in compliance
# with the License. You may obtain a copy of the License at:
#
#   http://www.apache.org/licenses/LICENSE-2.0
#
# Unless required by applicable law or agreed to in writing, software
# distributed under the License is distributed on an "AS IS" BASIS, WITHOUT
# WARRANTIES OR CONDITIONS OF ANY KIND, either express or implied. See the
# License for the specific language governing permissions and limitations
# under the License.
#

property newReplyRef ${nuklei:newReferenceId()}

property nuklei ${nuklei:directory("target/nukleus-itests").streamsCapacity(1024 * 1024, 64 * 1024)}

property targetInitial ${nuklei.streams("target", "http#source")}
property targetReply ${nuklei.streams("http", "replySource")}

property newReplyId ${nuklei:newStreamId()}

connect await ROUTED_INITIAL
        agrona://stream/bidirectional
        option reader ${agrona:oneToOneReader(targetInitial.buffer)}
        option writer ${agrona:oneToOneWriter(targetInitial.throttle)}
connected

read [0x00 0x00 0x00 0x01]
read ([0..8]:targetInitialId)
read ([0..8]:targetInitialRef)
read ([0..8]:targetCorrelationId)
read [0x46]
read [0x00] [0x07] ":scheme" [0x04] "http"
read [0x00] [0x07] ":method" [0x03] "GET"
read [0x00] [0x05] ":path" [0x0e] "/percent chars"
read [0x00] [0x04] "host" [0x0e] "localhost:8080"

read notify HTTP_REQUEST_RECEIVED
write await HTTP_REQUEST_WINDOW_UPDATED

write [0x40 0x00 0x00 0x02]
write ${targetInitialId}
write ${replyWindowUpdate}
write flush

connect await ROUTED_REPLY
        agrona://stream/bidirectional
        option reader ${agrona:oneToOneReader(targetReply.throttle)}
        option writer ${agrona:oneToOneWriter(targetReply.buffer)}
connected

write await HTTP_REQUEST_RECEIVED

write [0x00 0x00 0x00 0x01]
write ${newReplyId}
write ${newReplyRef}
write ${targetCorrelationId}
write [0x0d]
write [0x00] [0x07] ":status" [0x03] "200"
write flush

read [0x40 0x00 0x00 0x02]
read ${newReplyId}
read ([0..4]:replyWindowUpdate)

read notify HTTP_REQUEST_WINDOW_UPDATED
